<?xml version="1.0" encoding="UTF-8"?>
<testsuite name="animations.GraphTest" tests="19" skipped="0" failures="0" errors="0" timestamp="2026-03-26T19:02:54.006Z" hostname="JUSTIN-WORK-SCH" time="0.024">
  <properties/>
  <testcase name="containsedge()" classname="animations.GraphTest" time="0.002"/>
  <testcase name="containsnode()" classname="animations.GraphTest" time="0.0"/>
  <testcase name="isadjacent()" classname="animations.GraphTest" time="0.001"/>
  <testcase name="testAddEdge()" classname="animations.GraphTest" time="0.0"/>
  <testcase name="addarc()" classname="animations.GraphTest" time="0.001"/>
  <testcase name="degree()" classname="animations.GraphTest" time="0.001"/>
  <testcase name="graphs()" classname="animations.GraphTest" time="0.001"/>
  <testcase name="addEdge()" classname="animations.GraphTest" time="0.001"/>
  <testcase name="removeVertex()" classname="animations.GraphTest" time="0.002"/>
  <testcase name="isincident()" classname="animations.GraphTest" time="0.001"/>
  <testcase name="indenctedges()" classname="animations.GraphTest" time="0.001"/>
  <testcase name="getEdge()" classname="animations.GraphTest" time="0.001"/>
  <testcase name="addVertex()" classname="animations.GraphTest" time="0.001"/>
  <testcase name="getVertices()" classname="animations.GraphTest" time="0.001"/>
  <testcase name="neighbors()" classname="animations.GraphTest" time="0.001"/>
  <testcase name="removeEdge()" classname="animations.GraphTest" time="0.001"/>
  <testcase name="testAddarc()" classname="animations.GraphTest" time="0.001"/>
  <testcase name="removearc()" classname="animations.GraphTest" time="0.0"/>
  <testcase name="getEdges()" classname="animations.GraphTest" time="0.001"/>
  <system-out><![CDATA[]]></system-out>
  <system-err><![CDATA[]]></system-err>
</testsuite>
