<?xml version="1.0" encoding="UTF-8"?>
<testsuite name="graph_theory.EdgeTest" tests="7" skipped="0" failures="0" errors="0" timestamp="2026-04-17T23:28:34.374Z" hostname="JUSTIN-WORK-SCH" time="0.135">
  <properties/>
  <testcase name="contains()" classname="graph_theory.EdgeTest" time="0.088"/>
  <testcase name="getV1()" classname="graph_theory.EdgeTest" time="0.008"/>
  <testcase name="getV2()" classname="graph_theory.EdgeTest" time="0.003"/>
  <testcase name="setWeight()" classname="graph_theory.EdgeTest" time="0.005"/>
  <testcase name="getWeight()" classname="graph_theory.EdgeTest" time="0.002"/>
  <testcase name="testEquals()" classname="graph_theory.EdgeTest" time="0.012"/>
  <testcase name="getWeight_float()" classname="graph_theory.EdgeTest" time="0.001"/>
  <system-out><![CDATA[]]></system-out>
  <system-err><![CDATA[]]></system-err>
</testsuite>
