<?xml version="1.0" encoding="UTF-8"?>
<testsuite name="runner.AlgorithmCompilerTest" tests="1" skipped="0" failures="0" errors="0" timestamp="2026-04-20T13:55:07.029Z" hostname="JUSTIN-WORK-SCH" time="0.904">
  <properties/>
  <testcase name="compile()" classname="runner.AlgorithmCompilerTest" time="0.904"/>
  <system-out><![CDATA[]]></system-out>
  <system-err><![CDATA[C:\Users\Justi\AppData\Local\Temp\algovis11827295396301901226\UserAlgorithm.java:1: error: unnamed classes are a preview feature and are disabled by default.
let n = User_safe_interface_api.safely_add_a_node();
^
  (use --enable-preview to enable unnamed classes)
1 error
]]></system-err>
</testsuite>
