<?xml version="1.0" encoding="UTF-8"?>
<testsuite name="set_theory.Set_theory_itemsTest" tests="9" skipped="0" failures="0" errors="0" timestamp="2026-04-10T16:33:29.467Z" hostname="JUSTIN-WORK-SCH" time="0.032">
  <properties/>
  <testcase name="complement()" classname="set_theory.Set_theory_itemsTest" time="0.004"/>
  <testcase name="isSubset()" classname="set_theory.Set_theory_itemsTest" time="0.001"/>
  <testcase name="union()" classname="set_theory.Set_theory_itemsTest" time="0.002"/>
  <testcase name="intersection()" classname="set_theory.Set_theory_itemsTest" time="0.003"/>
  <testcase name="symmetric_difference()" classname="set_theory.Set_theory_itemsTest" time="0.003"/>
  <testcase name="powerset()" classname="set_theory.Set_theory_itemsTest" time="0.001"/>
  <testcase name="cartesian_product()" classname="set_theory.Set_theory_itemsTest" time="0.002"/>
  <testcase name="isProperSubset()" classname="set_theory.Set_theory_itemsTest" time="0.002"/>
  <testcase name="difference()" classname="set_theory.Set_theory_itemsTest" time="0.002"/>
  <system-out><![CDATA[]]></system-out>
  <system-err><![CDATA[]]></system-err>
</testsuite>
