<?xml version="1.0" encoding="UTF-8"?>
<testsuite name="graph_theory.NodeTest" tests="5" skipped="0" failures="0" errors="0" timestamp="2026-04-10T16:33:23.261Z" hostname="JUSTIN-WORK-SCH" time="0.013">
  <properties/>
  <testcase name="setHexcode_color()" classname="graph_theory.NodeTest" time="0.001"/>
  <testcase name="issamecolor()" classname="graph_theory.NodeTest" time="0.002"/>
  <testcase name="getNumber()" classname="graph_theory.NodeTest" time="0.001"/>
  <testcase name="testEquals()" classname="graph_theory.NodeTest" time="0.002"/>
  <testcase name="getHexcode_color()" classname="graph_theory.NodeTest" time="0.002"/>
  <system-out><![CDATA[]]></system-out>
  <system-err><![CDATA[]]></system-err>
</testsuite>
