<?xml version="1.0" encoding="UTF-8"?>
<testsuite name="tests.data_structure.Graph_toolsTest" tests="9" skipped="0" failures="0" errors="0" timestamp="2026-03-26T19:02:54.813Z" hostname="JUSTIN-WORK-SCH" time="0.012">
  <properties/>
  <testcase name="is_complete()" classname="tests.data_structure.Graph_toolsTest" time="0.001"/>
  <testcase name="connected()" classname="tests.data_structure.Graph_toolsTest" time="0.001"/>
  <testcase name="adjacency_matrix_correct_undirected()" classname="tests.data_structure.Graph_toolsTest" time="0.001"/>
  <testcase name="isbipartite()" classname="tests.data_structure.Graph_toolsTest" time="0.001"/>
  <testcase name="generate_graph_undirected()" classname="tests.data_structure.Graph_toolsTest" time="0.0"/>
  <testcase name="generate_graph_directed()" classname="tests.data_structure.Graph_toolsTest" time="0.001"/>
  <testcase name="random_unique_colors()" classname="tests.data_structure.Graph_toolsTest" time="0.001"/>
  <testcase name="arc_incident_matrix()" classname="tests.data_structure.Graph_toolsTest" time="0.001"/>
  <testcase name="is_tree()" classname="tests.data_structure.Graph_toolsTest" time="0.001"/>
  <system-out><![CDATA[]]></system-out>
  <system-err><![CDATA[]]></system-err>
</testsuite>
